[debug] [2023-04-11T12:51:08.493Z] ----------------------------------------------------------------------
[debug] [2023-04-11T12:51:08.497Z] Command:       F:\ПРОГРАММЫ\node.exe C:\Users\admin\AppData\Roaming\npm\node_modules\firebase-tools\lib\bin\firebase.js init hosting
[debug] [2023-04-11T12:51:08.499Z] CLI Version:   11.25.3
[debug] [2023-04-11T12:51:08.499Z] Platform:      win32
[debug] [2023-04-11T12:51:08.499Z] Node Version:  v18.15.0
[debug] [2023-04-11T12:51:08.502Z] Time:          Tue Apr 11 2023 15:51:08 GMT+0300 (за східноєвропейським літнім часом)
[debug] [2023-04-11T12:51:08.503Z] ----------------------------------------------------------------------
[debug] 
[debug] [2023-04-11T12:51:08.522Z] > command requires scopes: ["email","openid","https://www.googleapis.com/auth/cloudplatformprojects.readonly","https://www.googleapis.com/auth/firebase","https://www.googleapis.com/auth/cloud-platform"]
[debug] [2023-04-11T12:51:08.523Z] > authorizing via signed-in user (juli2.putrova@gmail.com)
[info] 
     ######## #### ########  ######## ########     ###     ######  ########
     ##        ##  ##     ## ##       ##     ##  ##   ##  ##       ##
     ######    ##  ########  ######   ########  #########  ######  ######
     ##        ##  ##    ##  ##       ##     ## ##     ##       ## ##
     ##       #### ##     ## ######## ########  ##     ##  ######  ########

You're about to initialize a Firebase project in this directory:

  F:\noDelete\NODE\back

[info] 
=== Project Setup
[info] 
[info] First, let's associate this project directory with a Firebase project.
[info] You can create multiple project aliases by running firebase use --add, 
[info] but for now we'll just set up a default project.
[info] 
[debug] [2023-04-11T12:51:25.791Z] >>> [apiv2][query] GET https://firebase.googleapis.com/v1beta1/projects pageSize=100
[debug] [2023-04-11T12:51:27.272Z] <<< [apiv2][status] GET https://firebase.googleapis.com/v1beta1/projects 200
[debug] [2023-04-11T12:51:27.273Z] <<< [apiv2][body] GET https://firebase.googleapis.com/v1beta1/projects [omitted]
[info] i  Using project back-dc9c5 (back) 
[info] 
=== Hosting Setup
[info] 
[info] Your public directory is the folder (relative to your project directory) that
[info] will contain Hosting assets to be uploaded with firebase deploy. If you
[info] have a build process for your assets, use your build's output directory.
[info] 
[debug] [2023-04-11T12:52:54.991Z] >>> [apiv2][query] GET https://www.gstatic.com/firebasejs/releases.json [none]
[debug] [2023-04-11T12:52:55.105Z] <<< [apiv2][status] GET https://www.gstatic.com/firebasejs/releases.json 200
[debug] [2023-04-11T12:52:55.106Z] <<< [apiv2][body] GET https://www.gstatic.com/firebasejs/releases.json {"current":{"version":"9.19.1","browserURL":"https://www.gstatic.com/firebasejs/9.19.1/firebase.js","packageURL":"https://www.gstatic.com/firebasejs/9.19.1/firebase.tgz"},"live":{"version":"9.19","browserURL":"https://www.gstatic.com/firebasejs/live/9.19/firebase.js","packageURL":"https://www.gstatic.com/firebasejs/live/9.19/firebase.tgz"},"components":{"analytics":"https://www.gstatic.com/firebasejs/9.19.1/firebase-analytics.js","app":"https://www.gstatic.com/firebasejs/9.19.1/firebase-app.js","app-check":"https://www.gstatic.com/firebasejs/9.19.1/firebase-app-check.js","auth":"https://www.gstatic.com/firebasejs/9.19.1/firebase-auth.js","auth/cordova":"https://www.gstatic.com/firebasejs/9.19.1/firebase-auth/cordova.js","auth/react-native":"https://www.gstatic.com/firebasejs/9.19.1/firebase-auth/react-native.js","functions":"https://www.gstatic.com/firebasejs/9.19.1/firebase-functions.js","firestore":"https://www.gstatic.com/firebasejs/9.19.1/firebase-firestore.js","firestore/lite":"https://www.gstatic.com/firebasejs/9.19.1/firebase-firestore/lite.js","installations":"https://www.gstatic.com/firebasejs/9.19.1/firebase-installations.js","storage":"https://www.gstatic.com/firebasejs/9.19.1/firebase-storage.js","performance":"https://www.gstatic.com/firebasejs/9.19.1/firebase-performance.js","remote-config":"https://www.gstatic.com/firebasejs/9.19.1/firebase-remote-config.js","messaging":"https://www.gstatic.com/firebasejs/9.19.1/firebase-messaging.js","messaging/sw":"https://www.gstatic.com/firebasejs/9.19.1/firebase-messaging/sw.js","database":"https://www.gstatic.com/firebasejs/9.19.1/firebase-database.js","firestore.memory":"https://www.gstatic.com/firebasejs/9.19.1/firebase-firestore.memory.js"}}
[info] +  Wrote public/index.html 
[info] 
[info] i  Didn't detect a .git folder. Assuming F:\noDelete\NODE\back is the project root. 
[info] i  Authorizing with GitHub to upload your service account to a GitHub repository's secrets store. 
[info] 
[info] Visit this URL on this device to log in:
[info] https://github.com/login/oauth/authorize?client_id=89cf50f02ac6aaed3484&state=25227030&redirect_uri=http%3A%2F%2Flocalhost%3A9005&scope=read%3Auser%20repo%20public_repo
[info] 
[info] Waiting for authentication...
[debug] [2023-04-11T12:53:11.886Z] >>> [apiv2][query] POST https://github.com/login/oauth/access_token [none]
[debug] [2023-04-11T12:53:11.887Z] >>> [apiv2][body] POST https://github.com/login/oauth/access_token [stream]
[debug] [2023-04-11T12:53:12.249Z] <<< [apiv2][status] POST https://github.com/login/oauth/access_token 200
[debug] [2023-04-11T12:53:12.249Z] <<< [apiv2][body] POST https://github.com/login/oauth/access_token {"access_token":"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","token_type":"bearer","scope":"read:user,repo"}
[debug] [2023-04-11T12:53:12.279Z] >>> [apiv2][query] GET https://api.github.com/user [none]
[debug] [2023-04-11T12:53:12.659Z] <<< [apiv2][status] GET https://api.github.com/user 200
[debug] [2023-04-11T12:53:12.660Z] <<< [apiv2][body] GET https://api.github.com/user {"login":"JuliaPutrova","id":79169164,"node_id":"MDQ6VXNlcjc5MTY5MTY0","avatar_url":"https://avatars.githubusercontent.com/u/79169164?v=4","gravatar_id":"","url":"https://api.github.com/users/JuliaPutrova","html_url":"https://github.com/JuliaPutrova","followers_url":"https://api.github.com/users/JuliaPutrova/followers","following_url":"https://api.github.com/users/JuliaPutrova/following{/other_user}","gists_url":"https://api.github.com/users/JuliaPutrova/gists{/gist_id}","starred_url":"https://api.github.com/users/JuliaPutrova/starred{/owner}{/repo}","subscriptions_url":"https://api.github.com/users/JuliaPutrova/subscriptions","organizations_url":"https://api.github.com/users/JuliaPutrova/orgs","repos_url":"https://api.github.com/users/JuliaPutrova/repos","events_url":"https://api.github.com/users/JuliaPutrova/events{/privacy}","received_events_url":"https://api.github.com/users/JuliaPutrova/received_events","type":"User","site_admin":false,"name":null,"company":null,"blog":"","location":null,"email":null,"hireable":null,"bio":null,"twitter_username":null,"public_repos":35,"public_gists":0,"followers":0,"following":0,"created_at":"2021-02-16T20:06:46Z","updated_at":"2023-02-20T19:54:15Z","private_gists":0,"total_private_repos":0,"owned_private_repos":0,"disk_usage":38998,"collaborators":0,"two_factor_authentication":false,"plan":{"name":"free","space":976562499,"collaborators":0,"private_repos":10000}}
[info] 
[info] +  Success! Logged into GitHub as JuliaPutrova 
[info] 
